c:\users\jozse\source\repos\rs232_parser\flexbisonwrapper\debug\flexbisonwrapper.pch
c:\users\jozse\source\repos\rs232_parser\flexbisonwrapper\debug\vc142.pdb
c:\users\jozse\source\repos\rs232_parser\flexbisonwrapper\debug\vc142.idb
c:\users\jozse\source\repos\rs232_parser\flexbisonwrapper\debug\pch.obj
c:\users\jozse\source\repos\rs232_parser\flexbisonwrapper\debug\dllmain.obj
c:\users\jozse\source\repos\rs232_parser\flexbisonwrapper\debug\grammar.tab.obj
c:\users\jozse\source\repos\rs232_parser\flexbisonwrapper\grammar.tab.h
c:\users\jozse\source\repos\rs232_parser\flexbisonwrapper\grammar.tab.c
c:\users\jozse\source\repos\rs232_parser\flexbisonwrapper\tokens.c
c:\users\jozse\source\repos\rs232_parser\debug\flexbisonwrapper.lib
c:\users\jozse\source\repos\rs232_parser\debug\flexbisonwrapper.exp
c:\users\jozse\source\repos\rs232_parser\debug\flexbisonwrapper.dll
c:\users\jozse\source\repos\rs232_parser\debug\flexbisonwrapper.ilk
c:\users\jozse\source\repos\rs232_parser\debug\flexbisonwrapper.pdb
c:\users\jozse\source\repos\rs232_parser\flexbisonwrapper\debug\tokens.obj
c:\users\jozse\source\repos\rs232_parser\flexbisonwrapper\debug\flexbisonwrapper.tlog\cl.command.1.tlog
c:\users\jozse\source\repos\rs232_parser\flexbisonwrapper\debug\flexbisonwrapper.tlog\cl.read.1.tlog
c:\users\jozse\source\repos\rs232_parser\flexbisonwrapper\debug\flexbisonwrapper.tlog\cl.write.1.tlog
c:\users\jozse\source\repos\rs232_parser\flexbisonwrapper\debug\flexbisonwrapper.tlog\custombuild.command.1.tlog
c:\users\jozse\source\repos\rs232_parser\flexbisonwrapper\debug\flexbisonwrapper.tlog\custombuild.read.1.tlog
c:\users\jozse\source\repos\rs232_parser\flexbisonwrapper\debug\flexbisonwrapper.tlog\custombuild.write.1.tlog
c:\users\jozse\source\repos\rs232_parser\flexbisonwrapper\debug\flexbisonwrapper.tlog\flexbisonwrapper.write.1u.tlog
c:\users\jozse\source\repos\rs232_parser\flexbisonwrapper\debug\flexbisonwrapper.tlog\link.command.1.tlog
c:\users\jozse\source\repos\rs232_parser\flexbisonwrapper\debug\flexbisonwrapper.tlog\link.read.1.tlog
c:\users\jozse\source\repos\rs232_parser\flexbisonwrapper\debug\flexbisonwrapper.tlog\link.write.1.tlog
